# JRE version: OpenJDK Runtime Environment Temurin-25.0.1+8 (25.0.1+8) (build 25.0.1+8-LTS)
# Java VM: OpenJDK 64-Bit Server VM Temurin-25.0.1+8 (25.0.1+8-LTS, mixed mode, sharing, tiered, compressed oops, compressed class ptrs, g1 gc, windows-amd64)
GC Precious Log:
 CardTable entry size: 512
 Card Set container configuration: InlinePtr #cards 4 size 8 Array Of Cards #cards 16 size 48 Howl #buckets 8 coarsen threshold 3686 Howl Bitmap #cards 512 size 80 coarsen threshold 460 Card regions per heap region 1 cards per card region 4096
 CPUs: 12 total, 12 available
 Memory: 11946M
 Large Page Support: Disabled
 NUMA Support: Disabled
 Compressed Oops: Enabled (Zero based)
 Heap Region Size: 2M
 Heap Min Capacity: 8M
 Heap Initial Capacity: 188M
 Heap Max Capacity: 2988M
 Pre-touch: Disabled
 Parallel Workers: 10
 Concurrent Workers: 3
 Concurrent Refinement Workers: 10
 Periodic GC: Disabled
Heap:
 garbage-first heap   total reserved 3059712K, committed 159744K, used 77350K [0x0000000745400000, 0x0000000800000000)
  region size 2048K, 10 young (20480K), 2 survivors (4096K)
GC Heap Usage History (20 events):
Event: 23165.527 {heap Before GC invocations=42 (full 0):
 garbage-first heap   total reserved 3059712K, committed 116736K, used 98337K [0x0000000745400000, 0x0000000800000000)
  region size 2048K, 34 young (69632K), 1 survivors (2048K)
}
Event: 23165.569 {heap After GC invocations=43 (full 0):
 garbage-first heap   total reserved 3059712K, committed 116736K, used 30948K [0x0000000745400000, 0x0000000800000000)
  region size 2048K, 1 young (2048K), 1 survivors (2048K)
}
Event: 23890.054 {heap Before GC invocations=44 (full 0):
 garbage-first heap   total reserved 3059712K, committed 116736K, used 112868K [0x0000000745400000, 0x0000000800000000)
  region size 2048K, 26 young (53248K), 1 survivors (2048K)
}
Event: 23890.086 {heap After GC invocations=45 (full 0):
 garbage-first heap   total reserved 3059712K, committed 120832K, used 31707K [0x0000000745400000, 0x0000000800000000)
  region size 2048K, 1 young (2048K), 1 survivors (2048K)
}
Event: 23903.746 {heap Before GC invocations=45 (full 0):
 garbage-first heap   total reserved 3059712K, committed 129024K, used 123867K [0x0000000745400000, 0x0000000800000000)
  region size 2048K, 15 young (30720K), 1 survivors (2048K)
}
Event: 23903.756 {heap After GC invocations=46 (full 0):
 garbage-first heap   total reserved 3059712K, committed 131072K, used 31644K [0x0000000745400000, 0x0000000800000000)
  region size 2048K, 1 young (2048K), 1 survivors (2048K)
}
Event: 23903.764 {heap Before GC invocations=46 (full 0):
 garbage-first heap   total reserved 3059712K, committed 131072K, used 35740K [0x0000000745400000, 0x0000000800000000)
  region size 2048K, 5 young (10240K), 1 survivors (2048K)
}
Event: 23903.773 {heap After GC invocations=47 (full 0):
 garbage-first heap   total reserved 3059712K, committed 131072K, used 34534K [0x0000000745400000, 0x0000000800000000)
  region size 2048K, 3 young (6144K), 3 survivors (6144K)
}
Event: 24061.766 {heap Before GC invocations=48 (full 0):
 garbage-first heap   total reserved 3059712K, committed 131072K, used 126694K [0x0000000745400000, 0x0000000800000000)
  region size 2048K, 17 young (34816K), 3 survivors (6144K)
}
Event: 24061.768 {heap After GC invocations=49 (full 0):
 garbage-first heap   total reserved 3059712K, committed 133120K, used 31563K [0x0000000745400000, 0x0000000800000000)
  region size 2048K, 1 young (2048K), 1 survivors (2048K)
}
Event: 25199.169 {heap Before GC invocations=49 (full 0):
 garbage-first heap   total reserved 3059712K, committed 133120K, used 129867K [0x0000000745400000, 0x0000000800000000)
  region size 2048K, 34 young (69632K), 1 survivors (2048K)
}
Event: 25199.215 {heap After GC invocations=50 (full 0):
 garbage-first heap   total reserved 3059712K, committed 137216K, used 31019K [0x0000000745400000, 0x0000000800000000)
  region size 2048K, 1 young (2048K), 1 survivors (2048K)
}
Event: 25627.438 {heap Before GC invocations=50 (full 0):
 garbage-first heap   total reserved 3059712K, committed 137216K, used 53547K [0x0000000745400000, 0x0000000800000000)
  region size 2048K, 14 young (28672K), 1 survivors (2048K)
}
Event: 25627.469 {heap After GC invocations=51 (full 0):
 garbage-first heap   total reserved 3059712K, committed 137216K, used 32371K [0x0000000745400000, 0x0000000800000000)
  region size 2048K, 2 young (4096K), 2 survivors (4096K)
}
Event: 25664.842 {heap Before GC invocations=52 (full 0):
 garbage-first heap   total reserved 3059712K, committed 151552K, used 147059K [0x0000000745400000, 0x0000000800000000)
  region size 2048K, 19 young (38912K), 2 survivors (4096K)
}
Event: 25664.844 {heap After GC invocations=53 (full 0):
 garbage-first heap   total reserved 3059712K, committed 155648K, used 35903K [0x0000000745400000, 0x0000000800000000)
  region size 2048K, 2 young (4096K), 2 survivors (4096K)
}
Event: 26652.484 {heap Before GC invocations=53 (full 0):
 garbage-first heap   total reserved 3059712K, committed 155648K, used 150591K [0x0000000745400000, 0x0000000800000000)
  region size 2048K, 35 young (71680K), 2 survivors (4096K)
}
Event: 26652.523 {heap After GC invocations=54 (full 0):
 garbage-first heap   total reserved 3059712K, committed 159744K, used 30756K [0x0000000745400000, 0x0000000800000000)
  region size 2048K, 1 young (2048K), 1 survivors (2048K)
}
Event: 27725.096 {heap Before GC invocations=54 (full 0):
 garbage-first heap   total reserved 3059712K, committed 159744K, used 84004K [0x0000000745400000, 0x0000000800000000)
  region size 2048K, 29 young (59392K), 1 survivors (2048K)
}
Event: 27725.133 {heap After GC invocations=55 (full 0):
 garbage-first heap   total reserved 3059712K, committed 159744K, used 32294K [0x0000000745400000, 0x0000000800000000)
  region size 2048K, 2 young (4096K), 2 survivors (4096K)
}

